TN:
SF:src\application\use-cases\createLink\create-link.ts
FN:18,CreateLink
FN:23,Object.<anonymous>.CreateLink.execute
FNF:2
FNH:2
FNDA:11,CreateLink
FNDA:9,Object.<anonymous>.CreateLink.execute
DA:1,1
DA:2,1
DA:3,1
DA:4,1
DA:5,1
DA:6,1
DA:7,1
DA:8,1
DA:9,1
DA:10,1
DA:11,1
DA:12,1
DA:13,1
DA:14,1
DA:15,1
DA:16,1
DA:17,6
DA:18,6
DA:19,11
DA:20,11
DA:21,11
DA:22,6
DA:23,6
DA:24,9
DA:25,9
DA:26,9
DA:27,9
DA:28,1
DA:29,1
DA:30,8
DA:31,8
DA:32,8
DA:33,8
DA:34,8
DA:35,8
DA:36,8
DA:37,8
DA:38,9
DA:39,9
DA:40,9
DA:41,9
DA:42,9
DA:43,9
DA:44,6
DA:45,1
DA:46,1
LF:46
LH:46
BRDA:17,0,0,6
BRDA:18,1,0,11
BRDA:23,2,0,9
BRDA:25,3,0,9
BRDA:27,4,0,1
BRDA:30,5,0,8
BRF:6
BRH:6
end_of_record
TN:
SF:src\application\use-cases\deleteLink\delete-link.ts
FN:8,DeleteLink
FN:13,Object.<anonymous>.DeleteLink.execute
FNF:2
FNH:2
FNDA:2,DeleteLink
FNDA:2,Object.<anonymous>.DeleteLink.execute
DA:1,1
DA:2,1
DA:3,1
DA:4,1
DA:5,1
DA:6,1
DA:7,1
DA:8,1
DA:9,2
DA:10,2
DA:11,2
DA:12,1
DA:13,1
DA:14,2
DA:15,2
DA:16,2
DA:17,1
DA:18,1
DA:19,1
DA:20,1
DA:21,2
DA:22,1
DA:23,1
DA:24,1
LF:24
LH:24
BRDA:7,0,0,1
BRDA:8,1,0,2
BRDA:13,2,0,2
BRDA:14,3,0,2
BRDA:16,4,0,1
BRF:5
BRH:5
end_of_record
TN:
SF:src\application\use-cases\findLink\find-link.ts
FN:10,FindLink
FN:15,Object.<anonymous>.FindLink.execute
FNF:2
FNH:2
FNDA:2,FindLink
FNDA:2,Object.<anonymous>.FindLink.execute
DA:1,1
DA:2,1
DA:3,1
DA:4,1
DA:5,1
DA:6,1
DA:7,1
DA:8,1
DA:9,1
DA:10,1
DA:11,2
DA:12,2
DA:13,2
DA:14,1
DA:15,1
DA:16,2
DA:17,2
DA:18,2
DA:19,2
DA:20,1
DA:21,1
DA:22,1
DA:23,1
DA:24,2
DA:25,1
DA:26,1
DA:27,1
LF:27
LH:27
BRDA:9,0,0,1
BRDA:10,1,0,2
BRDA:15,2,0,2
BRDA:17,3,0,2
BRDA:19,4,0,1
BRF:5
BRH:5
end_of_record
TN:
SF:src\application\use-cases\importLink\import-link.ts
FN:11,ImportLink
FN:63,ImportLink.getUrl
FN:16,Object.<anonymous>.ImportLink.execute
FNF:3
FNH:3
FNDA:2,ImportLink
FNDA:24,ImportLink.getUrl
FNDA:2,Object.<anonymous>.ImportLink.execute
DA:1,1
DA:2,1
DA:3,1
DA:4,1
DA:5,1
DA:6,1
DA:7,1
DA:8,1
DA:9,1
DA:10,1
DA:11,1
DA:12,2
DA:13,2
DA:14,2
DA:15,1
DA:16,1
DA:17,2
DA:18,2
DA:19,2
DA:20,2
DA:21,2
DA:22,2
DA:23,2
DA:24,2
DA:25,2
DA:26,2
DA:27,2
DA:28,2
DA:29,24
DA:30,24
DA:31,24
DA:32,24
DA:33,24
DA:34,24
DA:35,24
DA:36,2
DA:37,2
DA:38,2
DA:39,24
DA:40,2
DA:41,2
DA:42,1
DA:43,1
DA:44,1
DA:45,1
DA:46,1
DA:47,1
DA:48,1
DA:49,1
DA:50,2
DA:51,2
DA:52,2
DA:53,2
DA:54,2
DA:55,2
DA:56,2
DA:57,2
DA:58,2
DA:59,2
DA:60,2
DA:61,2
DA:62,1
DA:63,1
DA:64,24
DA:65,18
DA:66,18
DA:67,24
DA:68,6
DA:69,6
DA:70,6
DA:71,0
DA:72,0
DA:73,24
DA:74,1
DA:75,1
DA:76,1
LF:76
LH:74
BRDA:10,0,0,1
BRDA:11,1,0,2
BRDA:63,2,0,24
BRDA:64,3,0,18
BRDA:67,4,0,6
BRDA:70,5,0,0
BRDA:16,6,0,2
BRDA:20,7,0,0
BRDA:38,8,0,2
BRDA:38,9,0,24
BRDA:41,10,0,23
BRDA:41,11,0,1
BRDA:28,12,0,24
BRF:13
BRH:11
end_of_record
TN:
SF:src\application\use-cases\listLinks\list-links.ts
FN:8,ListLinks
FN:13,Object.<anonymous>.ListLinks.execute
FNF:2
FNH:2
FNDA:1,ListLinks
FNDA:1,Object.<anonymous>.ListLinks.execute
DA:1,1
DA:2,1
DA:3,1
DA:4,1
DA:5,1
DA:6,1
DA:7,1
DA:8,1
DA:9,1
DA:10,1
DA:11,1
DA:12,1
DA:13,1
DA:14,1
DA:15,1
DA:16,1
DA:17,1
DA:18,1
DA:19,1
DA:20,1
DA:21,1
LF:21
LH:21
BRDA:7,0,0,1
BRDA:8,1,0,1
BRDA:13,2,0,1
BRDA:15,3,0,1
BRF:4
BRH:4
end_of_record
TN:
SF:src\application\use-cases\updateLink\update-link.ts
FN:19,UpdateLink
FN:24,Object.<anonymous>.UpdateLink.execute
FNF:2
FNH:2
FNDA:2,UpdateLink
FNDA:2,Object.<anonymous>.UpdateLink.execute
DA:1,1
DA:2,1
DA:3,1
DA:4,1
DA:5,1
DA:6,1
DA:7,1
DA:8,1
DA:9,1
DA:10,1
DA:11,1
DA:12,1
DA:13,1
DA:14,1
DA:15,1
DA:16,1
DA:17,1
DA:18,1
DA:19,1
DA:20,2
DA:21,2
DA:22,2
DA:23,1
DA:24,1
DA:25,2
DA:26,2
DA:27,2
DA:28,1
DA:29,1
DA:30,1
DA:31,1
DA:32,1
DA:33,1
DA:34,1
DA:35,1
DA:36,1
DA:37,1
DA:38,2
DA:39,2
DA:40,2
DA:41,2
DA:42,2
DA:43,1
DA:44,1
DA:45,1
LF:45
LH:45
BRDA:18,0,0,1
BRDA:19,1,0,2
BRDA:24,2,0,2
BRDA:25,3,0,2
BRDA:27,4,0,1
BRF:5
BRH:5
end_of_record
